<?xml version="1.0" encoding="UTF-8"?>
<!-- Generated by org.testng.reporters.JUnitXMLReporter -->
<testsuite hostname="Sunil" name="Extent test" tests="1" failures="0" timestamp="31 Jul 2020 15:35:44 GMT" time="0.042" errors="0">
  <testcase name="@BeforeSuite startreport" time="0.0" classname="simple.ExtentReportTest.Driver">
    <failure type="java.lang.NullPointerException">
      <![CDATA[java.lang.NullPointerException
	at java.io.File.<init>(File.java:277)
	at com.relevantcodes.extentreports.Report.setFilePath(Report.java:527)
	at com.relevantcodes.extentreports.ExtentReports.<init>(ExtentReports.java:80)
	at com.relevantcodes.extentreports.ExtentReports.<init>(ExtentReports.java:375)
	at simple.ExtentReportTest.Driver.startreport(Driver.java:56)
... Removed 19 stack frames]]>
    </failure>
  </testcase> <!-- @BeforeSuite startreport -->
  <testcase name="sample" time="0.0" classname="simple.ExtentReportTest.Driver">
    <skipped/>
  </testcase> <!-- sample -->
</testsuite> <!-- Extent test -->
