<?xml version="1.0" encoding="UTF-8"?>
<testng-results skipped="1" failed="0" total="1" passed="0">
  <reporter-output>
  </reporter-output>
  <suite name="Sample suite" duration-ms="42" started-at="2020-07-31T15:35:44Z" finished-at="2020-07-31T15:35:44Z">
    <groups>
    </groups>
    <test name="Extent test" duration-ms="42" started-at="2020-07-31T15:35:44Z" finished-at="2020-07-31T15:35:44Z">
      <class name="simple.ExtentReportTest.Driver">
        <test-method status="FAIL" signature="startreport()[pri:0, instance:simple.ExtentReportTest.Driver@3532ec19]" name="startreport" is-config="true" duration-ms="0" started-at="2020-07-31T21:05:44Z" finished-at="2020-07-31T21:05:44Z">
          <exception class="java.lang.NullPointerException">
            <full-stacktrace>
              <![CDATA[java.lang.NullPointerException
	at java.io.File.<init>(File.java:277)
	at com.relevantcodes.extentreports.Report.setFilePath(Report.java:527)
	at com.relevantcodes.extentreports.ExtentReports.<init>(ExtentReports.java:80)
	at com.relevantcodes.extentreports.ExtentReports.<init>(ExtentReports.java:375)
	at simple.ExtentReportTest.Driver.startreport(Driver.java:56)
	at sun.reflect.NativeMethodAccessorImpl.invoke0(Native Method)
	at sun.reflect.NativeMethodAccessorImpl.invoke(NativeMethodAccessorImpl.java:62)
	at sun.reflect.DelegatingMethodAccessorImpl.invoke(DelegatingMethodAccessorImpl.java:43)
	at java.lang.reflect.Method.invoke(Method.java:498)
	at org.testng.internal.MethodInvocationHelper.invokeMethod(MethodInvocationHelper.java:100)
	at org.testng.internal.Invoker.invokeConfigurationMethod(Invoker.java:515)
	at org.testng.internal.Invoker.invokeConfigurations(Invoker.java:216)
	at org.testng.internal.Invoker.invokeConfigurations(Invoker.java:143)
	at org.testng.SuiteRunner.privateRun(SuiteRunner.java:307)
	at org.testng.SuiteRunner.run(SuiteRunner.java:270)
	at org.testng.SuiteRunnerWorker.runSuite(SuiteRunnerWorker.java:52)
	at org.testng.SuiteRunnerWorker.run(SuiteRunnerWorker.java:86)
	at org.testng.TestNG.runSuitesSequentially(TestNG.java:1284)
	at org.testng.TestNG.runSuitesLocally(TestNG.java:1209)
	at org.testng.TestNG.runSuites(TestNG.java:1124)
	at org.testng.TestNG.run(TestNG.java:1096)
	at org.testng.remote.AbstractRemoteTestNG.run(AbstractRemoteTestNG.java:132)
	at org.testng.remote.RemoteTestNG.initAndRun(RemoteTestNG.java:236)
	at org.testng.remote.RemoteTestNG.main(RemoteTestNG.java:81)
]]>
            </full-stacktrace>
          </exception> <!-- java.lang.NullPointerException -->
          <reporter-output>
          </reporter-output>
        </test-method> <!-- startreport -->
        <test-method status="SKIP" signature="sample(java.lang.String)[pri:0, instance:simple.ExtentReportTest.Driver@3532ec19]" name="sample" duration-ms="0" started-at="2020-07-31T21:05:44Z" finished-at="2020-07-31T21:05:44Z">
          <params>
            <param index="0">
              <value>
                <![CDATA[something]]>
              </value>
            </param>
          </params>
          <reporter-output>
          </reporter-output>
        </test-method> <!-- sample -->
        <test-method status="SKIP" signature="endReport()[pri:0, instance:simple.ExtentReportTest.Driver@3532ec19]" name="endReport" is-config="true" duration-ms="0" started-at="2020-07-31T21:05:44Z" finished-at="2020-07-31T21:05:44Z">
          <reporter-output>
          </reporter-output>
        </test-method> <!-- endReport -->
      </class> <!-- simple.ExtentReportTest.Driver -->
    </test> <!-- Extent test -->
  </suite> <!-- Sample suite -->
</testng-results>
